1238216569582	0	B	Logging Begins
1238216569582	0	INSTRUCTIONSTART	JointRoller	/usr/share/fonts/truetype/ttf-dejavu/DejaVuSans.ttf	37	(1.000000, 1.000000, 1.000000, 1.000000)	'Practice Route\n\nYou will be guided through a virtual town. Your task is to remember the landmarks that appear.'
1238216569584	1	INSTRUCTIONSCROLL	0
1238216570407	1	INSTRUCTIONSTOP	Button set (OR)
1238216570407	0	E	Logging Ends
1238216572707	0	B	Logging Begins
1238216572707	0	INSTRUCTIONSTART	JointRoller	/usr/share/fonts/truetype/ttf-dejavu/DejaVuSans.ttf	37	(1.000000, 1.000000, 1.000000, 1.000000)	'You will now be tested on which landmarks you remembered.'
1238216572708	1	INSTRUCTIONSCROLL	0
1238216573300	1	INSTRUCTIONSTOP	Button set (OR)
1238216573300	0	E	Logging Ends
1238216578232	0	B	Logging Begins
1238216578232	0	INSTRUCTIONSTART	JointRoller	/usr/share/fonts/truetype/ttf-dejavu/DejaVuSans.ttf	37	(1.000000, 1.000000, 1.000000, 1.000000)	'1st Route\n\nYou will be guided through a virtual town. Your task is to remember the landmarks that appear.'
1238216578234	1	INSTRUCTIONSCROLL	0
1238216578697	1	INSTRUCTIONSTOP	Button set (OR)
1238216578697	0	E	Logging Ends
1238216584198	0	B	Logging Begins
1238216584198	0	INSTRUCTIONSTART	JointRoller	/usr/share/fonts/truetype/ttf-dejavu/DejaVuSans.ttf	37	(1.000000, 1.000000, 1.000000, 1.000000)	'You will now be tested on which landmarks you remembered.'
1238216584199	1	INSTRUCTIONSCROLL	0
1238216584714	1	INSTRUCTIONSTOP	Button set (OR)
1238216584714	0	E	Logging Ends
1238216592486	0	B	Logging Begins
1238216592486	0	INSTRUCTIONSTART	JointRoller	/usr/share/fonts/truetype/ttf-dejavu/DejaVuSans.ttf	37	(1.000000, 1.000000, 1.000000, 1.000000)	'2nd Route\n\nYou will be guided through a virtual town. Your task is to remember the landmarks that appear.'
1238216592488	1	INSTRUCTIONSCROLL	0
1238216592969	1	INSTRUCTIONSTOP	Button set (OR)
1238216592969	0	E	Logging Ends
1238216593026	0	B	Logging Begins
1238216593026	0	INSTRUCTIONSTART	JointRoller	/usr/share/fonts/truetype/ttf-dejavu/DejaVuSans.ttf	37	(1.000000, 1.000000, 1.000000, 1.000000)	'You will now be tested on which landmarks you remembered.'
1238216593027	1	INSTRUCTIONSCROLL	0
1238216593626	1	INSTRUCTIONSTOP	Button set (OR)
1238216593626	0	E	Logging Ends
1238216593984	0	B	Logging Begins
1238216593984	0	INSTRUCTIONSTART	JointRoller	/usr/share/fonts/truetype/ttf-dejavu/DejaVuSans.ttf	37	(1.000000, 1.000000, 1.000000, 1.000000)	'3rd Route\n\nYou will be guided through a virtual town. Your task is to remember the landmarks that appear.'
1238216593985	1	INSTRUCTIONSCROLL	0
1238216594321	1	INSTRUCTIONSTOP	Button set (OR)
1238216594321	0	E	Logging Ends
1238216594376	0	B	Logging Begins
1238216594376	0	INSTRUCTIONSTART	JointRoller	/usr/share/fonts/truetype/ttf-dejavu/DejaVuSans.ttf	37	(1.000000, 1.000000, 1.000000, 1.000000)	'You will now be tested on which landmarks you remembered.'
1238216594377	1	INSTRUCTIONSCROLL	0
1238216594840	1	INSTRUCTIONSTOP	Button set (OR)
1238216594841	0	E	Logging Ends
