1238216564987	0	B	Logging Begins
1238216564987	0	SETUP
1238216565024	0	RESTORESTATE
1238216565024	0	RESTORESTATE
1238216565059	0	SAVESTATE
1238216565060	0	RESTORESTATE
1238216565064	0	SESSION	0
1238216577045	0	SAVESTATE
1238216592128	0	SAVESTATE
1238216593632	0	SAVESTATE
1238216594847	0	SAVESTATE
1238216595855	0	SAVESTATE
1238216595855	0	EXIT
1238216595855	0	E	Logging Ends
1238216984900	0	B	Logging Begins
1238216984900	0	SETUP
1238216984936	0	RESTORESTATE
1238216984941	0	RESTORESTATE
1238216984946	0	SESSION	1
1238216994757	0	SAVESTATE
1238216995766	0	SAVESTATE
1238216995766	0	EXIT
1238216995766	0	E	Logging Ends
1238217030915	0	B	Logging Begins
1238217030915	0	SETUP
1238217030946	0	RESTORESTATE
1238217030951	0	RESTORESTATE
1238217030955	0	SESSION	2
1238217365574	0	SAVESTATE
1238217366582	0	SAVESTATE
1238217366582	0	EXIT
1238217366582	0	E	Logging Ends
